This is XeTeX, Version 3.141592653-2.6-0.999995 (TeX Live 2023) (INITEX)  13 FEB 2024 17:51
entering extended mode
 restricted \write18 enabled.
 %&-line parsing enabled.
**xelatex.ini
(c:/GIT/ARCHIVE/rendercv-v1/rendercv/tinytex-release/TinyTeX/texmf-dist/tex/latex/tex-ini-files/xelatex.ini (c:/GIT/ARCHIVE/rendercv-v1/rendercv/tinytex-release/TinyTeX/texmf-dist/tex/latex/base/latex.ltx (c:/GIT/ARCHIVE/rendercv-v1/rendercv/tinytex-release/TinyTeX/texmf-dist/tex/latex/base/texsys.cfg)
\openout15 = `texsys.aux'.


./texsys.aux found


\@currdir set to: ./.


Assuming \openin and \input 
have the same search path.


Defining UNIX/DOS style filename parser.

catcodes, registers,
\@inputcheck=\read0
\@unused=\write0
\maxdimen=\dimen10
\hideskip=\skip10
\p@=\dimen11
\z@=\dimen12
\z@skip=\skip11
\voidb@x=\box10
 parameters,
\normalbaselineskip=\skip12
\normallineskip=\skip13
\normallineskiplimit=\dimen13
\interfootnotelinepenalty=\count23
\strutbox=\box11
\LaTeXReleaseInfo=\toks10

LaTeX2e <2023-11-01> patch level 1
(c:/GIT/ARCHIVE/rendercv-v1/rendercv/tinytex-release/TinyTeX/texmf-dist/tex/latex/l3kernel/expl3.ltx (c:/GIT/ARCHIVE/rendercv-v1/rendercv/tinytex-release/TinyTeX/texmf-dist/tex/latex/l3kernel/expl3-code.tex
Package: expl3 2024-01-22 L3 programming layer (code)
\c_max_int=\count24
\l_tmpa_int=\count25
\l_tmpb_int=\count26
\g_tmpa_int=\count27
\g_tmpb_int=\count28
\l__seq_internal_a_int=\count29
\l__seq_internal_b_int=\count30
\g__kernel_prg_map_int=\count31
\c__ior_term_noprompt_ior=\count32
\c_log_iow=\count33
\l_iow_line_count_int=\count34
\l__iow_line_target_int=\count35
\l__iow_one_indent_int=\count36
\l__iow_indent_int=\count37
\c_zero_dim=\dimen14
\c_max_dim=\dimen15
\l_tmpa_dim=\dimen16
\l_tmpb_dim=\dimen17
\g_tmpa_dim=\dimen18
\g_tmpb_dim=\dimen19
\c_zero_skip=\skip14
\c_max_skip=\skip15
\l_tmpa_skip=\skip16
\l_tmpb_skip=\skip17
\g_tmpa_skip=\skip18
\g_tmpb_skip=\skip19
\c_zero_muskip=\muskip10
\c_max_muskip=\muskip11
\l_tmpa_muskip=\muskip12
\l_tmpb_muskip=\muskip13
\g_tmpa_muskip=\muskip14
\g_tmpb_muskip=\muskip15
\l_keys_choice_int=\count38
\l__intarray_loop_int=\count39
\c__intarray_sp_dim=\dimen20
\g__intarray_font_int=\count40
\c__fp_leading_shift_int=\count41
\c__fp_middle_shift_int=\count42
\c__fp_trailing_shift_int=\count43
\c__fp_big_leading_shift_int=\count44
\c__fp_big_middle_shift_int=\count45
\c__fp_big_trailing_shift_int=\count46
\c__fp_Bigg_leading_shift_int=\count47
\c__fp_Bigg_middle_shift_int=\count48
\c__fp_Bigg_trailing_shift_int=\count49
\l__fp_function_arg_int=\count50
\g__fp_array_int=\count51
\l__fp_array_loop_int=\count52
\l__bitset_internal_int=\count53
\g__cctab_allocate_int=\count54
\l__sort_length_int=\count55
\l__sort_min_int=\count56
\l__sort_top_int=\count57
\l__sort_max_int=\count58
\l__sort_true_max_int=\count59
\l__sort_block_int=\count60
\l__sort_begin_int=\count61
\l__sort_end_int=\count62
\l__sort_A_int=\count63
\l__sort_B_int=\count64
\l__sort_C_int=\count65
\l__str_modulo_int=\count66
\l__tl_analysis_normal_int=\count67
\l__tl_analysis_index_int=\count68
\l__tl_analysis_nesting_int=\count69
\l__tl_analysis_type_int=\count70
\l__tl_peek_charcode_int=\count71
\l__regex_internal_a_int=\count72
\l__regex_internal_b_int=\count73
\l__regex_internal_c_int=\count74
\l__regex_balance_int=\count75
\l__regex_group_level_int=\count76
\l__regex_mode_int=\count77
\c__regex_cs_in_class_mode_int=\count78
\c__regex_cs_mode_int=\count79
\l__regex_catcodes_int=\count80
\l__regex_default_catcodes_int=\count81
\c__regex_catcode_L_int=\count82
\c__regex_catcode_O_int=\count83
\c__regex_catcode_A_int=\count84
\c__regex_all_catcodes_int=\count85
\l__regex_show_lines_int=\count86
\l__regex_min_state_int=\count87
\l__regex_max_state_int=\count88
\l__regex_left_state_int=\count89
\l__regex_right_state_int=\count90
\l__regex_capturing_group_int=\count91
\g__regex_case_int=\count92
\l__regex_case_max_group_int=\count93
\l__regex_min_pos_int=\count94
\l__regex_max_pos_int=\count95
\l__regex_curr_pos_int=\count96
\l__regex_start_pos_int=\count97
\l__regex_success_pos_int=\count98
\l__regex_curr_char_int=\count99
\l__regex_curr_catcode_int=\count100
\l__regex_last_char_int=\count101
\l__regex_last_char_success_int=\count102
\l__regex_case_changed_char_int=\count103
\l__regex_curr_state_int=\count104
\l__regex_step_int=\count105
\l__regex_min_thread_int=\count106
\l__regex_max_thread_int=\count107
\l__regex_replacement_csnames_int=\count108
\l__regex_match_count_int=\count109
\l__regex_min_submatch_int=\count110
\l__regex_submatch_int=\count111
\l__regex_zeroth_submatch_int=\count112
\l__regex_added_begin_int=\count113
\l__regex_added_end_int=\count114
\g__regex_trace_regex_int=\count115
\c_empty_box=\box12
\l_tmpa_box=\box13
\l_tmpb_box=\box14
\g_tmpa_box=\box15
\g_tmpb_box=\box16
\l__box_top_dim=\dimen21
\l__box_bottom_dim=\dimen22
\l__box_left_dim=\dimen23
\l__box_right_dim=\dimen24
\l__box_top_new_dim=\dimen25
\l__box_bottom_new_dim=\dimen26
\l__box_left_new_dim=\dimen27
\l__box_right_new_dim=\dimen28
\l__box_internal_box=\box17
\l__color_internal_int=\count116
\g__color_model_int=\count117
\l__coffin_internal_box=\box18
\l__coffin_internal_dim=\dimen29
\l__coffin_offset_x_dim=\dimen30
\l__coffin_offset_y_dim=\dimen31
\l__coffin_x_dim=\dimen32
\l__coffin_y_dim=\dimen33
\l__coffin_x_prime_dim=\dimen34
\l__coffin_y_prime_dim=\dimen35
\c_empty_coffin=\box19
\l__coffin_aligned_coffin=\box20
\l__coffin_aligned_internal_coffin=\box21
\l_tmpa_coffin=\box22
\l_tmpb_coffin=\box23
\g_tmpa_coffin=\box24
\g_tmpb_coffin=\box25
\l__coffin_bounding_shift_dim=\dimen36
\l__coffin_left_corner_dim=\dimen37
\l__coffin_right_corner_dim=\dimen38
\l__coffin_bottom_corner_dim=\dimen39
\l__coffin_top_corner_dim=\dimen40
\l__coffin_scaled_total_height_dim=\dimen41
\l__coffin_scaled_width_dim=\dimen42
\c__coffin_empty_coffin=\box26
\l__coffin_display_coffin=\box27
\l__coffin_display_coord_coffin=\box28
\l__coffin_display_pole_coffin=\box29
\l__coffin_display_offset_dim=\dimen43
\l__coffin_display_x_dim=\dimen44
\l__coffin_display_y_dim=\dimen45
\g__codepoint_data_ior=\read1
)) hacks, document commands,
\l__cmd_current_arg_int=\count118
\g__cmd_grabber_int=\count119
\l__cmd_m_args_int=\count120
\l__cmd_v_nesting_int=\count121
\l__hook_labels_int=\count122
\l__hook_patch_num_args_int=\count123
\@tempcnta=\count124
\@tempcntb=\count125
\@tempdima=\dimen46
\@tempdimb=\dimen47
\@tempdimc=\dimen48
\@tempboxa=\box30
\@tempskipa=\skip20
\@tempskipb=\skip21
\@temptokena=\toks11
\@flushglue=\skip22
 control, par,
\everypar=\toks12
\g_para_indent_box=\box31
 spacing,
\@savsk=\dimen49
\@savsf=\count126
\smallskipamount=\skip23
\medskipamount=\skip24
\bigskipamount=\skip25
\sp@ce@skip=\skip26
\fill=\skip27
 files,
\@mainaux=\write1
\@partaux=\write2
\@clubpenalty=\count127
LaTeX Info: Redefining \IfFileExists on input line 7869.
 font encodings, lengths,
\everymath=\toks13
\everydisplay=\toks14
\series@check@toks=\toks15
\every@math@size=\toks16
\lower@bound=\dimen50
\upper@bound=\dimen51
\c@localmathalphabets=\count128
\c@mv@normal=\count129
\c@mv@bold=\count130

====================================

Local config file fonttext.cfg used

====================================
(c:/GIT/ARCHIVE/rendercv-v1/rendercv/tinytex-release/TinyTeX/texmf-dist/tex/latex/base/fonttext.cfg
File: fonttext.cfg 2021/01/15 v3.0i LaTeX Kernel (Uncustomized text font setup)
 (c:/GIT/ARCHIVE/rendercv-v1/rendercv/tinytex-release/TinyTeX/texmf-dist/tex/latex/base/fonttext.ltx
File: fonttext.ltx 2021/01/15 v3.0i LaTeX Kernel (Text font setup)

=== Don't modify this file, use a .cfg file instead ===

(c:/GIT/ARCHIVE/rendercv-v1/rendercv/tinytex-release/TinyTeX/texmf-dist/tex/latex/base/omlenc.def
File: omlenc.def 2021/04/29 v2.0v Standard LaTeX file
) (c:/GIT/ARCHIVE/rendercv-v1/rendercv/tinytex-release/TinyTeX/texmf-dist/tex/latex/base/omsenc.def
File: omsenc.def 2021/04/29 v2.0v Standard LaTeX file
) (c:/GIT/ARCHIVE/rendercv-v1/rendercv/tinytex-release/TinyTeX/texmf-dist/tex/latex/base/ot1enc.def
File: ot1enc.def 2021/04/29 v2.0v Standard LaTeX file
) (c:/GIT/ARCHIVE/rendercv-v1/rendercv/tinytex-release/TinyTeX/texmf-dist/tex/latex/base/t1enc.def
File: t1enc.def 2021/04/29 v2.0v Standard LaTeX file
) (c:/GIT/ARCHIVE/rendercv-v1/rendercv/tinytex-release/TinyTeX/texmf-dist/tex/latex/base/ts1enc.def
File: ts1enc.def 2001/06/05 v3.0e (jk/car/fm) Standard LaTeX file
) (c:/GIT/ARCHIVE/rendercv-v1/rendercv/tinytex-release/TinyTeX/texmf-dist/tex/latex/base/tuenc.def
File: tuenc.def 2021/04/29 v2.0v Standard LaTeX file
)
LaTeX Font Info:    Trying to load font information for TU+lmr on input line 61.
 (c:/GIT/ARCHIVE/rendercv-v1/rendercv/tinytex-release/TinyTeX/texmf-dist/tex/latex/base/tulmr.fd
File: tulmr.fd 2021/07/23 v1.8a Standard LaTeX font definitions for Latin Modern
)
LaTeX Font Info:    Trying to load font information for TU+lmss on input line 62.
 (c:/GIT/ARCHIVE/rendercv-v1/rendercv/tinytex-release/TinyTeX/texmf-dist/tex/latex/base/tulmss.fd
File: tulmss.fd 2021/07/23 v1.8a Standard LaTeX font definitions for Latin Modern
)
LaTeX Font Info:    Trying to load font information for TU+lmtt on input line 63.
 (c:/GIT/ARCHIVE/rendercv-v1/rendercv/tinytex-release/TinyTeX/texmf-dist/tex/latex/base/tulmtt.fd
File: tulmtt.fd 2021/07/23 v1.8a Standard LaTeX font definitions for Latin Modern
)
LaTeX Font Info:    Trying to load font information for TS1+lmr on input line 67.
 (c:/GIT/ARCHIVE/rendercv-v1/rendercv/tinytex-release/TinyTeX/texmf-dist/tex/latex/lm/ts1lmr.fd
File: ts1lmr.fd 2015/05/01 v1.6.1 Font defs for Latin Modern
) (c:/GIT/ARCHIVE/rendercv-v1/rendercv/tinytex-release/TinyTeX/texmf-dist/tex/latex/base/t1cmr.fd
File: t1cmr.fd 2023/04/13 v2.5m Standard LaTeX font definitions
) (c:/GIT/ARCHIVE/rendercv-v1/rendercv/tinytex-release/TinyTeX/texmf-dist/tex/latex/base/ot1cmr.fd
File: ot1cmr.fd 2023/04/13 v2.5m Standard LaTeX font definitions
) (c:/GIT/ARCHIVE/rendercv-v1/rendercv/tinytex-release/TinyTeX/texmf-dist/tex/latex/base/ot1cmss.fd
File: ot1cmss.fd 2023/04/13 v2.5m Standard LaTeX font definitions
) (c:/GIT/ARCHIVE/rendercv-v1/rendercv/tinytex-release/TinyTeX/texmf-dist/tex/latex/base/ot1cmtt.fd
File: ot1cmtt.fd 2023/04/13 v2.5m Standard LaTeX font definitions
)))
====================================

Local config file fontmath.cfg used

====================================
(c:/GIT/ARCHIVE/rendercv-v1/rendercv/tinytex-release/TinyTeX/texmf-dist/tex/latex/base/fontmath.cfg
File: fontmath.cfg 2021/01/15 v3.0i LaTeX Kernel (Uncustomized math font setup)
 (c:/GIT/ARCHIVE/rendercv-v1/rendercv/tinytex-release/TinyTeX/texmf-dist/tex/latex/base/fontmath.ltx
File: fontmath.ltx 2021/01/15 v3.0i LaTeX Kernel (Math font setup)

=== Don't modify this file, use a .cfg file instead ===

LaTeX Font Info:    Redeclaring font encoding OML on input line 44.
LaTeX Font Info:    Redeclaring font encoding OMS on input line 45.
(c:/GIT/ARCHIVE/rendercv-v1/rendercv/tinytex-release/TinyTeX/texmf-dist/tex/latex/base/omlcmm.fd
File: omlcmm.fd 2023/04/13 v2.5m Standard LaTeX font definitions
) (c:/GIT/ARCHIVE/rendercv-v1/rendercv/tinytex-release/TinyTeX/texmf-dist/tex/latex/base/omscmsy.fd
File: omscmsy.fd 2023/04/13 v2.5m Standard LaTeX font definitions
) (c:/GIT/ARCHIVE/rendercv-v1/rendercv/tinytex-release/TinyTeX/texmf-dist/tex/latex/base/omxcmex.fd
File: omxcmex.fd 2023/04/13 v2.5m Standard LaTeX font definitions
) (c:/GIT/ARCHIVE/rendercv-v1/rendercv/tinytex-release/TinyTeX/texmf-dist/tex/latex/base/ucmr.fd
File: ucmr.fd 2023/04/13 v2.5m Standard LaTeX font definitions
)
\symoperators=\mathgroup0
\symletters=\mathgroup1
\symsymbols=\mathgroup2
\symlargesymbols=\mathgroup3
LaTeX Font Info:    Overwriting symbol font `operators' in version `bold'
(Font)                  OT1/cmr/m/n --> OT1/cmr/bx/n on input line 63.
LaTeX Font Info:    Overwriting symbol font `letters' in version `bold'
(Font)                  OML/cmm/m/it --> OML/cmm/b/it on input line 64.
LaTeX Font Info:    Overwriting symbol font `symbols' in version `bold'
(Font)                  OMS/cmsy/m/n --> OMS/cmsy/b/n on input line 65.
LaTeX Font Info:    Overwriting math alphabet `\mathsf' in version `bold'
(Font)                  OT1/cmss/m/n --> OT1/cmss/bx/n on input line 73.
LaTeX Font Info:    Overwriting math alphabet `\mathit' in version `bold'
(Font)                  OT1/cmr/m/it --> OT1/cmr/bx/it on input line 74.
))
====================================

Local config file preload.cfg used

=====================================
(c:/GIT/ARCHIVE/rendercv-v1/rendercv/tinytex-release/TinyTeX/texmf-dist/tex/latex/base/preload.cfg
File: preload.cfg 2021/01/15 v3.0i LaTeX Kernel (Uncustomized preload font setup)
 (c:/GIT/ARCHIVE/rendercv-v1/rendercv/tinytex-release/TinyTeX/texmf-dist/tex/latex/base/preload.ltx
File: preload.ltx 2021/10/04 v2.1g LaTeX Kernel (Font Preloading)
))
LaTeX Font Info:    Setting ? sub-encoding to TS1/9 on input line 11666.
LaTeX Font Info:    Setting ccr sub-encoding to TS1/0 on input line 11667.
LaTeX Font Info:    Setting cmbr sub-encoding to TS1/0 on input line 11668.
LaTeX Font Info:    Setting cmr sub-encoding to TS1/0 on input line 11669.
LaTeX Font Info:    Setting cmss sub-encoding to TS1/0 on input line 11670.
LaTeX Font Info:    Setting cmtl sub-encoding to TS1/0 on input line 11671.
LaTeX Font Info:    Setting cmtt sub-encoding to TS1/0 on input line 11672.
LaTeX Font Info:    Setting cmvtt sub-encoding to TS1/0 on input line 11673.
LaTeX Font Info:    Setting pxr sub-encoding to TS1/0 on input line 11674.
LaTeX Font Info:    Setting pxss sub-encoding to TS1/0 on input line 11675.
LaTeX Font Info:    Setting pxtt sub-encoding to TS1/0 on input line 11676.
LaTeX Font Info:    Setting qag sub-encoding to TS1/0 on input line 11677.
LaTeX Font Info:    Setting qbk sub-encoding to TS1/0 on input line 11678.
LaTeX Font Info:    Setting qcr sub-encoding to TS1/0 on input line 11679.
LaTeX Font Info:    Setting qcs sub-encoding to TS1/0 on input line 11680.
LaTeX Font Info:    Setting qhvc sub-encoding to TS1/0 on input line 11681.
LaTeX Font Info:    Setting qhv sub-encoding to TS1/0 on input line 11682.
LaTeX Font Info:    Setting qpl sub-encoding to TS1/0 on input line 11683.
LaTeX Font Info:    Setting qtm sub-encoding to TS1/0 on input line 11684.
LaTeX Font Info:    Setting qzc sub-encoding to TS1/0 on input line 11685.
LaTeX Font Info:    Setting txr sub-encoding to TS1/0 on input line 11686.
LaTeX Font Info:    Setting txss sub-encoding to TS1/0 on input line 11687.
LaTeX Font Info:    Setting txtt sub-encoding to TS1/0 on input line 11688.
LaTeX Font Info:    Setting lmr sub-encoding to TS1/1 on input line 11689.
LaTeX Font Info:    Setting lmdh sub-encoding to TS1/1 on input line 11690.
LaTeX Font Info:    Setting lmss sub-encoding to TS1/1 on input line 11691.
LaTeX Font Info:    Setting lmssq sub-encoding to TS1/1 on input line 11692.
LaTeX Font Info:    Setting lmvtt sub-encoding to TS1/1 on input line 11693.
LaTeX Font Info:    Setting lmtt sub-encoding to TS1/1 on input line 11694.
LaTeX Font Info:    Setting ptmx sub-encoding to TS1/2 on input line 11696.
LaTeX Font Info:    Setting ptmj sub-encoding to TS1/2 on input line 11697.
LaTeX Font Info:    Setting ul8 sub-encoding to TS1/2 on input line 11698.
LaTeX Font Info:    Setting bch sub-encoding to TS1/5 on input line 11699.
LaTeX Font Info:    Setting futj sub-encoding to TS1/5 on input line 11700.
LaTeX Font Info:    Setting futs sub-encoding to TS1/5 on input line 11701.
LaTeX Font Info:    Setting futx sub-encoding to TS1/5 on input line 11702.
LaTeX Font Info:    Setting pag sub-encoding to TS1/5 on input line 11703.
LaTeX Font Info:    Setting pbk sub-encoding to TS1/5 on input line 11704.
LaTeX Font Info:    Setting pcr sub-encoding to TS1/5 on input line 11705.
LaTeX Font Info:    Setting phv sub-encoding to TS1/5 on input line 11706.
LaTeX Font Info:    Setting pnc sub-encoding to TS1/5 on input line 11707.
LaTeX Font Info:    Setting pplj sub-encoding to TS1/5 on input line 11708.
LaTeX Font Info:    Setting pplx sub-encoding to TS1/5 on input line 11709.
LaTeX Font Info:    Setting ppl sub-encoding to TS1/5 on input line 11710.
LaTeX Font Info:    Setting ptm sub-encoding to TS1/5 on input line 11711.
LaTeX Font Info:    Setting pzc sub-encoding to TS1/5 on input line 11712.
LaTeX Font Info:    Setting ul9 sub-encoding to TS1/5 on input line 11713.
LaTeX Font Info:    Setting dayroms sub-encoding to TS1/6 on input line 11714.
LaTeX Font Info:    Setting dayrom sub-encoding to TS1/6 on input line 11715.
LaTeX Font Info:    Setting augie sub-encoding to TS1/8 on input line 11716.
LaTeX Font Info:    Setting put sub-encoding to TS1/8 on input line 11717.
LaTeX Font Info:    Setting uag sub-encoding to TS1/8 on input line 11718.
LaTeX Font Info:    Setting ugq sub-encoding to TS1/8 on input line 11719.
LaTeX Font Info:    Setting zi4 sub-encoding to TS1/9 on input line 11720.
LaTeX Font Info:    Setting hls sub-encoding to TS1/5 on input line 11721.
LaTeX Font Info:    Setting hlst sub-encoding to TS1/5 on input line 11722.
LaTeX Font Info:    Setting hlct sub-encoding to TS1/5 on input line 11723.
LaTeX Font Info:    Setting hlh sub-encoding to TS1/5 on input line 11724.
LaTeX Font Info:    Setting hlx sub-encoding to TS1/8 on input line 11725.
LaTeX Font Info:    Setting hlce sub-encoding to TS1/8 on input line 11726.
LaTeX Font Info:    Setting hlcn sub-encoding to TS1/8 on input line 11727.
LaTeX Font Info:    Setting hlcw sub-encoding to TS1/8 on input line 11728.
LaTeX Font Info:    Setting hlcf sub-encoding to TS1/8 on input line 11729.
LaTeX Font Info:    Setting lato-LF sub-encoding to TS1/0 on input line 11730.
LaTeX Font Info:    Setting lato-TLF sub-encoding to TS1/0 on input line 11730.
LaTeX Font Info:    Setting lato-OsF sub-encoding to TS1/0 on input line 11730.
LaTeX Font Info:    Setting lato-TOsF sub-encoding to TS1/0 on input line 11730.
LaTeX Font Info:    Setting opensans-LF sub-encoding to TS1/0 on input line 11731.
LaTeX Font Info:    Setting opensans-TLF sub-encoding to TS1/0 on input line 11731.
LaTeX Font Info:    Setting opensans-OsF sub-encoding to TS1/0 on input line 11731.
LaTeX Font Info:    Setting opensans-TOsF sub-encoding to TS1/0 on input line 11731.
LaTeX Font Info:    Setting cantarell-LF sub-encoding to TS1/0 on input line 11732.
LaTeX Font Info:    Setting cantarell-TLF sub-encoding to TS1/0 on input line 11732.
LaTeX Font Info:    Setting cantarell-OsF sub-encoding to TS1/0 on input line 11732.
LaTeX Font Info:    Setting cantarell-TOsF sub-encoding to TS1/0 on input line 11732.
LaTeX Font Info:    Setting fbb-LF sub-encoding to TS1/0 on input line 11733.
LaTeX Font Info:    Setting fbb-TLF sub-encoding to TS1/0 on input line 11733.
LaTeX Font Info:    Setting fbb-OsF sub-encoding to TS1/0 on input line 11733.
LaTeX Font Info:    Setting fbb-TOsF sub-encoding to TS1/0 on input line 11733.
LaTeX Font Info:    Setting tli sub-encoding to TS1/1 on input line 11734.
LaTeX Font Info:    Setting Alegreya-LF sub-encoding to TS1/2 on input line 11735.
LaTeX Font Info:    Setting Alegreya-TLF sub-encoding to TS1/2 on input line 11735.
LaTeX Font Info:    Setting Alegreya-OsF sub-encoding to TS1/2 on input line 11735.
LaTeX Font Info:    Setting Alegreya-TOsF sub-encoding to TS1/2 on input line 11735.
LaTeX Font Info:    Setting AlegreyaSans-LF sub-encoding to TS1/2 on input line 11736.
LaTeX Font Info:    Setting AlegreyaSans-TLF sub-encoding to TS1/2 on input line 11736.
LaTeX Font Info:    Setting AlegreyaSans-OsF sub-encoding to TS1/2 on input line 11736.
LaTeX Font Info:    Setting AlegreyaSans-TOsF sub-encoding to TS1/2 on input line 11736.
LaTeX Font Info:    Setting DejaVuSans-TLF sub-encoding to TS1/2 on input line 11737.
LaTeX Font Info:    Setting DejaVuSansCondensed-TLF sub-encoding to TS1/2 on input line 11738.
LaTeX Font Info:    Setting DejaVuSansMono-TLF sub-encoding to TS1/2 on input line 11739.
LaTeX Font Info:    Setting EBGaramond-LF sub-encoding to TS1/2 on input line 11740.
LaTeX Font Info:    Setting EBGaramond-TLF sub-encoding to TS1/2 on input line 11740.
LaTeX Font Info:    Setting EBGaramond-OsF sub-encoding to TS1/2 on input line 11740.
LaTeX Font Info:    Setting EBGaramond-TOsF sub-encoding to TS1/2 on input line 11740.
LaTeX Font Info:    Setting Tempora-TLF sub-encoding to TS1/2 on input line 11741.
LaTeX Font Info:    Setting Tempora-TOsF sub-encoding to TS1/2 on input line 11742.
LaTeX Font Info:    Setting Arimo-TLF sub-encoding to TS1/3 on input line 11743.
LaTeX Font Info:    Setting Carlito-LF sub-encoding to TS1/3 on input line 11744.
LaTeX Font Info:    Setting Carlito-TLF sub-encoding to TS1/3 on input line 11744.
LaTeX Font Info:    Setting Carlito-OsF sub-encoding to TS1/3 on input line 11744.
LaTeX Font Info:    Setting Carlito-TOsF sub-encoding to TS1/3 on input line 11744.
LaTeX Font Info:    Setting FiraSans-LF sub-encoding to TS1/3 on input line 11745.
LaTeX Font Info:    Setting FiraSans-TLF sub-encoding to TS1/3 on input line 11745.
LaTeX Font Info:    Setting FiraSans-OsF sub-encoding to TS1/3 on input line 11745.
LaTeX Font Info:    Setting FiraSans-TOsF sub-encoding to TS1/3 on input line 11745.
LaTeX Font Info:    Setting IBMPlexSans-TLF sub-encoding to TS1/3 on input line 11746.
LaTeX Font Info:    Setting Merriweather-OsF sub-encoding to TS1/3 on input line 11747.
LaTeX Font Info:    Setting Montserrat-LF sub-encoding to TS1/3 on input line 11748.
LaTeX Font Info:    Setting Montserrat-TLF sub-encoding to TS1/3 on input line 11748.
LaTeX Font Info:    Setting Montserrat-OsF sub-encoding to TS1/3 on input line 11748.
LaTeX Font Info:    Setting Montserrat-TOsF sub-encoding to TS1/3 on input line 11748.
LaTeX Font Info:    Setting MontserratAlternates-LF sub-encoding to TS1/3 on input line 11749.
LaTeX Font Info:    Setting MontserratAlternates-TLF sub-encoding to TS1/3 on input line 11749.
LaTeX Font Info:    Setting MontserratAlternates-OsF sub-encoding to TS1/3 on input line 11749.
LaTeX Font Info:    Setting MontserratAlternates-TOsF sub-encoding to TS1/3 on input line 11749.
LaTeX Font Info:    Setting SourceCodePro-TLF sub-encoding to TS1/3 on input line 11750.
LaTeX Font Info:    Setting SourceCodePro-TOsF sub-encoding to TS1/3 on input line 11751.
LaTeX Font Info:    Setting SourceSansPro-LF sub-encoding to TS1/3 on input line 11752.
LaTeX Font Info:    Setting SourceSansPro-TLF sub-encoding to TS1/3 on input line 11752.
LaTeX Font Info:    Setting SourceSansPro-OsF sub-encoding to TS1/3 on input line 11752.
LaTeX Font Info:    Setting SourceSansPro-TOsF sub-encoding to TS1/3 on input line 11752.
LaTeX Font Info:    Setting SourceSerifPro-LF sub-encoding to TS1/3 on input line 11753.
LaTeX Font Info:    Setting SourceSerifPro-TLF sub-encoding to TS1/3 on input line 11753.
LaTeX Font Info:    Setting SourceSerifPro-OsF sub-encoding to TS1/3 on input line 11753.
LaTeX Font Info:    Setting SourceSerifPro-TOsF sub-encoding to TS1/3 on input line 11753.
LaTeX Font Info:    Setting Tinos-TLF sub-encoding to TS1/3 on input line 11754.
LaTeX Font Info:    Setting AccanthisADFStdNoThree-LF sub-encoding to TS1/4 on input line 11755.
LaTeX Font Info:    Setting Cabin-TLF sub-encoding to TS1/4 on input line 11756.
LaTeX Font Info:    Setting Caladea-TLF sub-encoding to TS1/4 on input line 11757.
LaTeX Font Info:    Setting Chivo-LF sub-encoding to TS1/4 on input line 11758.
LaTeX Font Info:    Setting Chivo-TLF sub-encoding to TS1/4 on input line 11758.
LaTeX Font Info:    Setting Chivo-OsF sub-encoding to TS1/4 on input line 11758.
LaTeX Font Info:    Setting Chivo-TOsF sub-encoding to TS1/4 on input line 11758.
LaTeX Font Info:    Setting ClearSans-TLF sub-encoding to TS1/4 on input line 11759.
LaTeX Font Info:    Setting Coelacanth-LF sub-encoding to TS1/4 on input line 11760.
LaTeX Font Info:    Setting CrimsonPro-LF sub-encoding to TS1/4 on input line 11761.
LaTeX Font Info:    Setting CrimsonPro-TLF sub-encoding to TS1/4 on input line 11761.
LaTeX Font Info:    Setting CrimsonPro-OsF sub-encoding to TS1/4 on input line 11761.
LaTeX Font Info:    Setting CrimsonPro-TOsF sub-encoding to TS1/4 on input line 11761.
LaTeX Font Info:    Setting FiraMono-TLF sub-encoding to TS1/4 on input line 11762.
LaTeX Font Info:    Setting FiraMono-TOsF sub-encoding to TS1/4 on input line 11763.
LaTeX Font Info:    Setting Go-TLF sub-encoding to TS1/4 on input line 11764.
LaTeX Font Info:    Setting GoMono-TLF sub-encoding to TS1/4 on input line 11765.
LaTeX Font Info:    Setting InriaSans-LF sub-encoding to TS1/4 on input line 11766.
LaTeX Font Info:    Setting InriaSans-TLF sub-encoding to TS1/4 on input line 11766.
LaTeX Font Info:    Setting InriaSans-OsF sub-encoding to TS1/4 on input line 11766.
LaTeX Font Info:    Setting InriaSans-TOsF sub-encoding to TS1/4 on input line 11766.
LaTeX Font Info:    Setting InriaSerif-LF sub-encoding to TS1/4 on input line 11767.
LaTeX Font Info:    Setting InriaSerif-TLF sub-encoding to TS1/4 on input line 11767.
LaTeX Font Info:    Setting InriaSerif-OsF sub-encoding to TS1/4 on input line 11767.
LaTeX Font Info:    Setting InriaSerif-TOsF sub-encoding to TS1/4 on input line 11767.
LaTeX Font Info:    Setting LibertinusSans-LF sub-encoding to TS1/4 on input line 11768.
LaTeX Font Info:    Setting LibertinusSans-TLF sub-encoding to TS1/4 on input line 11768.
LaTeX Font Info:    Setting LibertinusSans-OsF sub-encoding to TS1/4 on input line 11768.
LaTeX Font Info:    Setting LibertinusSans-TOsF sub-encoding to TS1/4 on input line 11768.
LaTeX Font Info:    Setting LibertinusSerif-LF sub-encoding to TS1/4 on input line 11769.
LaTeX Font Info:    Setting LibertinusSerif-TLF sub-encoding to TS1/4 on input line 11769.
LaTeX Font Info:    Setting LibertinusSerif-OsF sub-encoding to TS1/4 on input line 11769.
LaTeX Font Info:    Setting LibertinusSerif-TOsF sub-encoding to TS1/4 on input line 11769.
LaTeX Font Info:    Setting LibreBodoni-TLF sub-encoding to TS1/4 on input line 11770.
LaTeX Font Info:    Setting LibreFranklin-TLF sub-encoding to TS1/4 on input line 11771.
LaTeX Font Info:    Setting LinguisticsPro-LF sub-encoding to TS1/4 on input line 11772.
LaTeX Font Info:    Setting LinguisticsPro-OsF sub-encoding to TS1/4 on input line 11773.
LaTeX Font Info:    Setting LinuxBiolinumT-LF sub-encoding to TS1/4 on input line 11774.
LaTeX Font Info:    Setting LinuxBiolinumT-TLF sub-encoding to TS1/4 on input line 11774.
LaTeX Font Info:    Setting LinuxBiolinumT-OsF sub-encoding to TS1/4 on input line 11774.
LaTeX Font Info:    Setting LinuxBiolinumT-TOsF sub-encoding to TS1/4 on input line 11774.
LaTeX Font Info:    Setting LinuxLibertineT-LF sub-encoding to TS1/4 on input line 11775.
LaTeX Font Info:    Setting LinuxLibertineT-TLF sub-encoding to TS1/4 on input line 11775.
LaTeX Font Info:    Setting LinuxLibertineT-OsF sub-encoding to TS1/4 on input line 11775.
LaTeX Font Info:    Setting LinuxLibertineT-TOsF sub-encoding to TS1/4 on input line 11775.
LaTeX Font Info:    Setting MerriweatherSans-OsF sub-encoding to TS1/4 on input line 11776.
LaTeX Font Info:    Setting MintSpirit-LF sub-encoding to TS1/4 on input line 11777.
LaTeX Font Info:    Setting MintSpirit-TLF sub-encoding to TS1/4 on input line 11777.
LaTeX Font Info:    Setting MintSpirit-OsF sub-encoding to TS1/4 on input line 11777.
LaTeX Font Info:    Setting MintSpirit-TOsF sub-encoding to TS1/4 on input line 11777.
LaTeX Font Info:    Setting MintSpiritNoTwo-LF sub-encoding to TS1/4 on input line 11778.
LaTeX Font Info:    Setting MintSpiritNoTwo-TLF sub-encoding to TS1/4 on input line 11778.
LaTeX Font Info:    Setting MintSpiritNoTwo-OsF sub-encoding to TS1/4 on input line 11778.
LaTeX Font Info:    Setting MintSpiritNoTwo-TOsF sub-encoding to TS1/4 on input line 11778.
LaTeX Font Info:    Setting PTMono-TLF sub-encoding to TS1/4 on input line 11779.
LaTeX Font Info:    Setting PTSans-TLF sub-encoding to TS1/4 on input line 11780.
LaTeX Font Info:    Setting PTSansCaption-TLF sub-encoding to TS1/4 on input line 11781.
LaTeX Font Info:    Setting PTSansNarrow-TLF sub-encoding to TS1/4 on input line 11782.
LaTeX Font Info:    Setting PTSerif-TLF sub-encoding to TS1/4 on input line 11783.
LaTeX Font Info:    Setting PTSerifCaption-TLF sub-encoding to TS1/4 on input line 11784.
LaTeX Font Info:    Setting Raleway-TLF sub-encoding to TS1/4 on input line 11785.
LaTeX Font Info:    Setting Raleway-TOsF sub-encoding to TS1/4 on input line 11786.
LaTeX Font Info:    Setting Roboto-LF sub-encoding to TS1/4 on input line 11787.
LaTeX Font Info:    Setting Roboto-TLF sub-encoding to TS1/4 on input line 11787.
LaTeX Font Info:    Setting Roboto-OsF sub-encoding to TS1/4 on input line 11787.
LaTeX Font Info:    Setting Roboto-TOsF sub-encoding to TS1/4 on input line 11787.
LaTeX Font Info:    Setting RobotoMono-TLF sub-encoding to TS1/4 on input line 11788.
LaTeX Font Info:    Setting RobotoSlab-TLF sub-encoding to TS1/4 on input line 11789.
LaTeX Font Info:    Setting Rosario-LF sub-encoding to TS1/4 on input line 11790.
LaTeX Font Info:    Setting Rosario-TLF sub-encoding to TS1/4 on input line 11790.
LaTeX Font Info:    Setting Rosario-OsF sub-encoding to TS1/4 on input line 11790.
LaTeX Font Info:    Setting Rosario-TOsF sub-encoding to TS1/4 on input line 11790.
LaTeX Font Info:    Setting SticksTooText-LF sub-encoding to TS1/4 on input line 11791.
LaTeX Font Info:    Setting SticksTooText-TLF sub-encoding to TS1/4 on input line 11791.
LaTeX Font Info:    Setting SticksTooText-OsF sub-encoding to TS1/4 on input line 11791.
LaTeX Font Info:    Setting SticksTooText-TOsF sub-encoding to TS1/4 on input line 11791.
LaTeX Font Info:    Setting UniversalisADFStd-LF sub-encoding to TS1/4 on input line 11792.
LaTeX Font Info:    Setting Almendra-OsF sub-encoding to TS1/5 on input line 11793.
LaTeX Font Info:    Setting Baskervaldx-LF sub-encoding to TS1/5 on input line 11794.
LaTeX Font Info:    Setting Baskervaldx-TLF sub-encoding to TS1/5 on input line 11794.
LaTeX Font Info:    Setting Baskervaldx-OsF sub-encoding to TS1/5 on input line 11794.
LaTeX Font Info:    Setting Baskervaldx-TOsF sub-encoding to TS1/5 on input line 11794.
LaTeX Font Info:    Setting BaskervilleF-LF sub-encoding to TS1/5 on input line 11795.
LaTeX Font Info:    Setting BaskervilleF-TLF sub-encoding to TS1/5 on input line 11795.
LaTeX Font Info:    Setting BaskervilleF-OsF sub-encoding to TS1/5 on input line 11795.
LaTeX Font Info:    Setting BaskervilleF-TOsF sub-encoding to TS1/5 on input line 11795.
LaTeX Font Info:    Setting Bitter-TLF sub-encoding to TS1/5 on input line 11796.
LaTeX Font Info:    Setting Cinzel-LF sub-encoding to TS1/5 on input line 11797.
LaTeX Font Info:    Setting CinzelDecorative-LF sub-encoding to TS1/5 on input line 11798.
LaTeX Font Info:    Setting DejaVuSerif-TLF sub-encoding to TS1/5 on input line 11799.
LaTeX Font Info:    Setting DejaVuSerifCondensed-TLF sub-encoding to TS1/5 on input line 11800.
LaTeX Font Info:    Setting GilliusADF-LF sub-encoding to TS1/5 on input line 11801.
LaTeX Font Info:    Setting GilliusADFCond-LF sub-encoding to TS1/5 on input line 11802.
LaTeX Font Info:    Setting GilliusADFNoTwo-LF sub-encoding to TS1/5 on input line 11803.
LaTeX Font Info:    Setting GilliusADFNoTwoCond-LF sub-encoding to TS1/5 on input line 11804.
LaTeX Font Info:    Setting LobsterTwo-LF sub-encoding to TS1/5 on input line 11805.
LaTeX Font Info:    Setting OldStandard-TLF sub-encoding to TS1/5 on input line 11806.
LaTeX Font Info:    Setting PlayfairDisplay-TLF sub-encoding to TS1/5 on input line 11807.
LaTeX Font Info:    Setting PlayfairDisplay-TOsF sub-encoding to TS1/5 on input line 11808.
LaTeX Font Info:    Setting TheanoDidot-TLF sub-encoding to TS1/5 on input line 11809.
LaTeX Font Info:    Setting TheanoDidot-TOsF sub-encoding to TS1/5 on input line 11810.
LaTeX Font Info:    Setting TheanoModern-TLF sub-encoding to TS1/5 on input line 11811.
LaTeX Font Info:    Setting TheanoModern-TOsF sub-encoding to TS1/5 on input line 11812.
LaTeX Font Info:    Setting TheanoOldStyle-TLF sub-encoding to TS1/5 on input line 11813.
LaTeX Font Info:    Setting TheanoOldStyle-TOsF sub-encoding to TS1/5 on input line 11814.
LaTeX Font Info:    Setting Crimson-TLF sub-encoding to TS1/6 on input line 11815.
LaTeX Font Info:    Setting IBMPlexMono-TLF sub-encoding to TS1/6 on input line 11816.
LaTeX Font Info:    Setting IBMPlexSerif-TLF sub-encoding to TS1/6 on input line 11817.
LaTeX Font Info:    Setting LibertinusMono-TLF sub-encoding to TS1/6 on input line 11818.
LaTeX Font Info:    Setting LibertinusSerifDisplay-LF sub-encoding to TS1/6 on input line 11819.
LaTeX Font Info:    Setting LinuxLibertineDisplayT-LF sub-encoding to TS1/6 on input line 11820.
LaTeX Font Info:    Setting LinuxLibertineDisplayT-TLF sub-encoding to TS1/6 on input line 11820.
LaTeX Font Info:    Setting LinuxLibertineDisplayT-OsF sub-encoding to TS1/6 on input line 11820.
LaTeX Font Info:    Setting LinuxLibertineDisplayT-TOsF sub-encoding to TS1/6 on input line 11820.
LaTeX Font Info:    Setting LinuxLibertineMonoT-LF sub-encoding to TS1/6 on input line 11821.
LaTeX Font Info:    Setting LinuxLibertineMonoT-TLF sub-encoding to TS1/6 on input line 11822.
LaTeX Font Info:    Setting Overlock-LF sub-encoding to TS1/6 on input line 11823.
LaTeX Font Info:    Setting CormorantGaramond-LF sub-encoding to TS1/7 on input line 11824.
LaTeX Font Info:    Setting CormorantGaramond-TLF sub-encoding to TS1/7 on input line 11824.
LaTeX Font Info:    Setting CormorantGaramond-OsF sub-encoding to TS1/7 on input line 11824.
LaTeX Font Info:    Setting CormorantGaramond-TOsF sub-encoding to TS1/7 on input line 11824.
LaTeX Font Info:    Setting Heuristica-TLF sub-encoding to TS1/7 on input line 11825.
LaTeX Font Info:    Setting Heuristica-TOsF sub-encoding to TS1/7 on input line 11826.
LaTeX Font Info:    Setting IMFELLEnglish-TLF sub-encoding to TS1/7 on input line 11827.
LaTeX Font Info:    Setting LibreBaskerville-TLF sub-encoding to TS1/7 on input line 11828.
LaTeX Font Info:    Setting LibreCaslon-LF sub-encoding to TS1/7 on input line 11829.
LaTeX Font Info:    Setting LibreCaslon-TLF sub-encoding to TS1/7 on input line 11829.
LaTeX Font Info:    Setting LibreCaslon-OsF sub-encoding to TS1/7 on input line 11829.
LaTeX Font Info:    Setting LibreCaslon-TOsF sub-encoding to TS1/7 on input line 11829.
LaTeX Font Info:    Setting Marcellus-LF sub-encoding to TS1/7 on input line 11830.
LaTeX Font Info:    Setting NotoSans-LF sub-encoding to TS1/7 on input line 11831.
LaTeX Font Info:    Setting NotoSans-TLF sub-encoding to TS1/7 on input line 11831.
LaTeX Font Info:    Setting NotoSans-OsF sub-encoding to TS1/7 on input line 11831.
LaTeX Font Info:    Setting NotoSans-TOsF sub-encoding to TS1/7 on input line 11831.
LaTeX Font Info:    Setting NotoSansMono-TLF sub-encoding to TS1/7 on input line 11832.
LaTeX Font Info:    Setting NotoSansMono-TOsF sub-encoding to TS1/7 on input line 11833.
LaTeX Font Info:    Setting NotoSerif-LF sub-encoding to TS1/7 on input line 11834.
LaTeX Font Info:    Setting NotoSerif-TLF sub-encoding to TS1/7 on input line 11834.
LaTeX Font Info:    Setting NotoSerif-OsF sub-encoding to TS1/7 on input line 11834.
LaTeX Font Info:    Setting NotoSerif-TOsF sub-encoding to TS1/7 on input line 11834.
LaTeX Font Info:    Setting Quattrocento-TLF sub-encoding to TS1/7 on input line 11835.
LaTeX Font Info:    Setting QuattrocentoSans-TLF sub-encoding to TS1/7 on input line 11836.
LaTeX Font Info:    Setting XCharter-TLF sub-encoding to TS1/7 on input line 11837.
LaTeX Font Info:    Setting XCharter-TOsF sub-encoding to TS1/7 on input line 11838.
LaTeX Font Info:    Setting erewhon-LF sub-encoding to TS1/7 on input line 11839.
LaTeX Font Info:    Setting erewhon-TLF sub-encoding to TS1/7 on input line 11839.
LaTeX Font Info:    Setting erewhon-OsF sub-encoding to TS1/7 on input line 11839.
LaTeX Font Info:    Setting erewhon-TOsF sub-encoding to TS1/7 on input line 11839.
LaTeX Font Info:    Setting ComicNeue-TLF sub-encoding to TS1/7 on input line 11840.
LaTeX Font Info:    Setting ComicNeueAngular-TLF sub-encoding to TS1/7 on input line 11841.
LaTeX Font Info:    Setting Forum-LF sub-encoding to TS1/7 on input line 11842.
LaTeX Font Info:    Setting Cochineal-LF sub-encoding to TS1/8 on input line 11843.
LaTeX Font Info:    Setting Cochineal-TLF sub-encoding to TS1/8 on input line 11843.
LaTeX Font Info:    Setting Cochineal-OsF sub-encoding to TS1/8 on input line 11843.
LaTeX Font Info:    Setting Cochineal-TOsF sub-encoding to TS1/8 on input line 11843.
LaTeX Font Info:    Setting AlgolRevived-TLF sub-encoding to TS1/9 on input line 11844.
 page nos., x-ref, environments, center,
\@rightskip=\skip28
 verbatim,
\@verbvisiblespacebox=\box32
 math definitions,
\jot=\dimen52
\interdisplaylinepenalty=\count131
\rootbox=\box33
LaTeX Info: Redefining \: on input line 12638.
\c@equation=\count132
\@eqcnt=\count133
\@eqpen=\count134
\@centering=\skip29
\topsep=\skip30
\partopsep=\skip31
\itemsep=\skip32
\parsep=\skip33
\@topsep=\skip34
\@topsepadd=\skip35
\@outerparskip=\skip36
\leftmargin=\dimen53
\rightmargin=\dimen54
\listparindent=\dimen55
\itemindent=\dimen56
\labelwidth=\dimen57
\labelsep=\dimen58
\linewidth=\dimen59
\@totalleftmargin=\dimen60
\leftmargini=\dimen61
\leftmarginii=\dimen62
\leftmarginiii=\dimen63
\leftmarginiv=\dimen64
\leftmarginv=\dimen65
\leftmarginvi=\dimen66
\@listdepth=\count135
\@itempenalty=\count136
\@beginparpenalty=\count137
\@endparpenalty=\count138
\@labels=\box34
\par@deathcycles=\count139
\@enumdepth=\count140
\c@enumi=\count141
\c@enumii=\count142
\c@enumiii=\count143
\c@enumiv=\count144
\@itemdepth=\count145
 boxes,
\fboxrule=\dimen67
\fboxsep=\dimen68
\@mplistdepth=\count146
\@mpfootins=\insert254
LaTeX Info: Redefining \underline on input line 13309.
\@gtempa=\dimen69
\@gtempa=\dimen70
\@gtempa=\dimen71
\@gtempa=\dimen72
\@gtempa=\dimen73
\@gtempa=\dimen74
\@gtempa=\dimen75
\@gtempa=\dimen76
\@gtempa=\dimen77
\@gtempa=\dimen78
\@gtempa=\dimen79
\@gtempa=\dimen80
\@gtempa=\dimen81
\@gtempa=\dimen82
\@nxttabmar=\count147
\@curtabmar=\count148
\@curtab=\count149
\@hightab=\count150
\@tabpush=\count151
\@curline=\box35
\@curfield=\box36
\@tabfbox=\box37
\tabbingsep=\dimen83
\@chclass=\count152
\@lastchclass=\count153
\@chnum=\count154
\arraycolsep=\dimen84
\tabcolsep=\dimen85
\arrayrulewidth=\dimen86
\doublerulesep=\dimen87
\@arstrutbox=\box38
\@wholewidth=\dimen88
\@halfwidth=\dimen89
\unitlength=\dimen90
\@picbox=\box39
\@picht=\dimen91
\@ovxx=\dimen92
\@ovyy=\dimen93
\@ovdx=\dimen94
\@ovdy=\dimen95
\@ovro=\dimen96
\@ovri=\dimen97
\@xarg=\count155
\@yarg=\count156
\@yyarg=\count157
\@multicnt=\count158
\@xdim=\dimen98
\@ydim=\dimen99
\@linechar=\box40
\@linelen=\dimen100
\@clnwd=\dimen101
\@clnht=\dimen102
\@dashdim=\dimen103
\@dashbox=\box41
\@dashcnt=\count159
LaTeX Info: Command `\linethickness' is already robust on input line 14098.
LaTeX Info: Command `\thinlines' is already robust on input line 14104.
 title, sectioning,
\@secpenalty=\count160
\c@secnumdepth=\count161
\c@tocdepth=\count162
 contents, floats,
\@floatpenalty=\count163
 footnotes,
\footins=\insert253
\c@footnote=\count164
\c@mpfootnote=\count165
\footnotesep=\dimen104
 index, bibliography,
\l__mark_box=\box42
\pkgcls@targetdate=\count166
\l_shipout_box=\box43
\l__shipout_raw_box=\box44
\l__shipout_firstpage_box=\box45
\l_shipout_box_ht_dim=\dimen105
\l_shipout_box_dp_dim=\dimen106
\l_shipout_box_wd_dim=\dimen107
\l_shipout_box_ht_plus_dp_dim=\dimen108
\l__shipout_tmp_box=\box46
\g_shipout_readonly_int=\count167
\g_shipout_totalpages_int=\count168
 output,
\bx@A=\insert252
\bx@B=\insert251
\bx@C=\insert250
\bx@D=\insert249
\bx@E=\insert248
\bx@F=\insert247
\bx@G=\insert246
\bx@H=\insert245
\bx@I=\insert244
\bx@J=\insert243
\bx@K=\insert242
\bx@L=\insert241
\bx@M=\insert240
\bx@N=\insert239
\bx@O=\insert238
\bx@P=\insert237
\bx@Q=\insert236
\bx@R=\insert235
\bx@S=\insert234
\bx@T=\insert233
\bx@U=\insert232
\bx@V=\insert231
\bx@W=\insert230
\bx@X=\insert229
\bx@Y=\insert228
\bx@Z=\insert227
\bx@AA=\insert226
\bx@BB=\insert225
\bx@CC=\insert224
\bx@DD=\insert223
\bx@EE=\insert222
\bx@FF=\insert221
\bx@GG=\insert220
\bx@HH=\insert219
\bx@II=\insert218
\bx@JJ=\insert217
\bx@KK=\insert216
\bx@LL=\insert215
\bx@MM=\insert214
\bx@NN=\insert213
\bx@OO=\insert212
\bx@PP=\insert211
\bx@QQ=\insert210
\bx@RR=\insert209
\bx@SS=\insert208
\bx@TT=\insert207
\bx@UU=\insert206
\bx@VV=\insert205
\bx@WW=\insert204
\bx@XX=\insert203
\bx@YY=\insert202
\bx@ZZ=\insert201
\topmargin=\dimen109
\oddsidemargin=\dimen110
\evensidemargin=\dimen111
\headheight=\dimen112
\headsep=\dimen113
\footskip=\dimen114
\textheight=\dimen115
\textwidth=\dimen116
\columnwidth=\dimen117
\columnsep=\dimen118
\columnseprule=\dimen119
\marginparwidth=\dimen120
\marginparsep=\dimen121
\marginparpush=\dimen122
\@begindvibox=\box47
\@maxdepth=\dimen123
\paperheight=\dimen124
\paperwidth=\dimen125
\stockheight=\dimen126
\stockwidth=\dimen127
\col@number=\count169
\@topnum=\count170
\@toproom=\dimen128
\@dbltopnum=\count171
\@dbltoproom=\dimen129
\@botnum=\count172
\@botroom=\dimen130
\@colnum=\count173
\@textmin=\dimen131
\@fpmin=\dimen132
\@colht=\dimen133
\@colroom=\dimen134
\@pageht=\dimen135
\@pagedp=\dimen136
\@mparbottom=\dimen137
\@currtype=\count174
\@outputbox=\box48
\@leftcolumn=\box49
\@holdpg=\box50
\@kludgeins=\insert200
\@fpstype=\count175
\@reqcolroom=\dimen138
\@textfloatsheight=\dimen139
\c@topnumber=\count176
\c@bottomnumber=\count177
\c@totalnumber=\count178
\c@dbltopnumber=\count179
\floatsep=\skip37
\textfloatsep=\skip38
\intextsep=\skip39
\dblfloatsep=\skip40
\dbltextfloatsep=\skip41
\@fptop=\skip42
\@fpsep=\skip43
\@fpbot=\skip44
\@dblfptop=\skip45
\@dblfpsep=\skip46
\@dblfpbot=\skip47
\@lowpenalty=\count180
\@medpenalty=\count181
\@highpenalty=\count182
\c__mark_class_2e-left_mark=\marks1
\c__mark_class_2e-right_mark=\marks2
\c__mark_class_2e-right-nonempty_mark=\marks3
  Unicode character data, (c:/GIT/ARCHIVE/rendercv-v1/rendercv/tinytex-release/TinyTeX/texmf-dist/tex/generic/unicode-data/load-unicode-data.tex 
load-unicode-data.tex v1.17 (2023-09-18)
Reading Unicode data
# UnicodeData-15.1.0.txt
# Modified 2023-09-18 08:45:00 GMT [JAW]
)
===========================================
Local configuration file hyphen.cfg used
===========================================
(c:/GIT/ARCHIVE/rendercv-v1/rendercv/tinytex-release/TinyTeX/texmf-dist/tex/generic/babel/hyphen.cfg
File: hyphen.cfg 2024/02/07 v24.2 Babel hyphens
 (c:/GIT/ARCHIVE/rendercv-v1/rendercv/tinytex-release/TinyTeX/texmf-dist/tex/generic/babel/xebabel.def)
\l@english=\language0
 (c:/GIT/ARCHIVE/rendercv-v1/rendercv/tinytex-release/TinyTeX/texmf-dist/tex/generic/hyphen/hyphen.tex)
\l@usenglish=\language0
\l@USenglish=\language0
\l@american=\language0
\l@dumylang=\language1
 (c:/GIT/ARCHIVE/rendercv-v1/rendercv/tinytex-release/TinyTeX/texmf-dist/tex/generic/hyphen/dumyhyph.tex)
\l@nohyphenation=\language2
 (c:/GIT/ARCHIVE/rendercv-v1/rendercv/tinytex-release/TinyTeX/texmf-dist/tex/generic/hyphen/zerohyph.tex)
\l@vietnamese=\language3
 (c:/GIT/ARCHIVE/rendercv-v1/rendercv/tinytex-release/TinyTeX/texmf-dist/tex/generic/hyphen/zerohyph.tex)
\l@hebrew=\language4
 (c:/GIT/ARCHIVE/rendercv-v1/rendercv/tinytex-release/TinyTeX/texmf-dist/tex/generic/hyphen/zerohyph.tex)
\l@french=\language5
 (c:/GIT/ARCHIVE/rendercv-v1/rendercv/tinytex-release/TinyTeX/texmf-dist/tex/generic/hyph-utf8/loadhyph/loadhyph-fr.tex UTF-8 French hyphenation patterns (c:/GIT/ARCHIVE/rendercv-v1/rendercv/tinytex-release/TinyTeX/texmf-dist/tex/generic/hyph-utf8/patterns/tex/hyph-fr.tex) (c:/GIT/ARCHIVE/rendercv-v1/rendercv/tinytex-release/TinyTeX/texmf-dist/tex/generic/hyph-utf8/patterns/quote/hyph-quote-fr.tex))
\l@patois=\language5
\l@francais=\language5
) (c:/GIT/ARCHIVE/rendercv-v1/rendercv/tinytex-release/TinyTeX/texmf-dist/tex/latex/firstaid/latex2e-first-aid-for-external-files.ltx
File: latex2e-first-aid-for-external-files.ltx 2023/09/20 v1.1b LaTeX kernel fixes to external files and packages
)
 ) )
Beginning to dump on file xelatex.fmt
 (preloaded format=xelatex 2024.2.13)
88679 strings of total length 449465
1914916 memory locations dumped; current usage is 302&353543
22028 multiletter control sequences
\font\nullfont=nullfont
\font\c__fp_exp_intarray=cmr10 at 0.00002pt
\font\c__fp_trig_intarray=cmr10 at 0.00003pt
\font\c_initex_cctab=cmr10 at 0.00005pt
\font\c_other_cctab=cmr10 at 0.00006pt
\font\c_str_cctab=cmr10 at 0.00008pt
\font\g_tmpa_cctab=cmr10 at 0.00009pt
\font\g_tmpb_cctab=cmr10 at 0.0001pt
\font\g__regex_state_active_intarray=cmr10 at 0.00012pt
\font\g__regex_thread_info_intarray=cmr10 at 0.00014pt
\font\g__regex_submatch_prev_intarray=cmr10 at 0.00015pt
\font\g__regex_submatch_begin_intarray=cmr10 at 0.00017pt
\font\g__regex_submatch_end_intarray=cmr10 at 0.00018pt
\font\g__regex_submatch_case_intarray=cmr10 at 0.0002pt
\font\g__regex_balance_intarray=cmr10 at 0.00021pt
\font\g__codepoint_category_index_intarray=cmr10 at 0.00023pt
\font\g__codepoint_uppercase_index_intarray=cmr10 at 0.00024pt
\font\g__codepoint_lowercase_index_intarray=cmr10 at 0.00026pt
\font\g__codepoint_category_blocks_intarray=cmr10 at 0.00027pt
\font\g__codepoint_uppercase_blocks_intarray=cmr10 at 0.00029pt
\font\g__codepoint_lowercase_blocks_intarray=cmr10 at 0.0003pt
\font\OMX/cmex/m/n/10=cmex10
\font\tenln=line10
\font\tenlnw=linew10
\font\tencirc=lcircle10
\font\tencircw=lcirclew10
\font\OT1/cmr/m/n/5=cmr5
\font\OT1/cmr/m/n/7=cmr7
\font\OT1/cmr/m/n/10=cmr10
\font\OML/cmm/m/it/5=cmmi5
\font\OML/cmm/m/it/7=cmmi7
\font\OML/cmm/m/it/10=cmmi10
\font\OMS/cmsy/m/n/5=cmsy5
\font\OMS/cmsy/m/n/7=cmsy7
\font\OMS/cmsy/m/n/10=cmsy10
\font\c_code_cctab=cmr10 at 0.00032pt
\font\c_document_cctab=cmr10 at 0.00034pt
558062 words of font info for 36 preloaded fonts
14 hyphenation exceptions
Hyphenation trie of length 15785 has 272 ops out of 35111
  89 for language 5
  2 for language 1
  181 for language 0
No pages of output.
# actual command line used during this run
# xetex -ini   -jobname=xelatex -progname=xelatex -etex xelatex.ini <nul
