This is TeX, Version 3.141592653 (TeX Live 2023) (preloaded format=tex 2023.11.28)  10 FEB 2024 22:29
**ifplatform.dtx
(./ifplatform.dtx (c:/Users/satalay/AppData/Roaming/TinyTeX/texmf-dist/tex/latex/base/docstrip.tex
\blockLevel=\count26
\emptyLines=\count27
\processedLines=\count28
\commentsRemoved=\count29
\commentsPassed=\count30
\codeLinesPassed=\count31
\TotalprocessedLines=\count32
\TotalcommentsRemoved=\count33
\TotalcommentsPassed=\count34
\TotalcodeLinesPassed=\count35
\NumberOfFiles=\count36
\inFile=\read0
\inputcheck=\read1
\@tempcnta=\count37
\off@0=\count38
\off@1=\count39
\off@2=\count40
\off@3=\count41
\off@4=\count42
\off@5=\count43
\off@6=\count44
\off@7=\count45
\off@8=\count46
\off@9=\count47
\off@10=\count48
\off@11=\count49
\off@12=\count50
\off@13=\count51
\off@14=\count52
\off@15=\count53
\@temptokena=\toks12
\@maxfiles=\count54
\@maxoutfiles=\count55

Utility: `docstrip' v2.6b <2022-09-03>
English documentation    <2023-10-10>

**********************************************************
* This program converts documented macro-files into fast *
* loadable files by stripping off (nearly) all comments! *
**********************************************************

********************************************************
* No Configuration file found, using default settings. *
********************************************************

)

Generating file(s) ifplatform.sty 

Processing file ifplatform.dtx (package) -> ifplatform.sty
File ifplatform.dtx ended by \endinput.
Lines  processed: 446
Comments removed: 248
Comments  passed: 0
Codelines passed: 185


Generating file(s) ifplatform.ins 

Processing file ifplatform.dtx (batchfile) -> ifplatform.ins
File ifplatform.dtx ended by \endinput.
Lines  processed: 446
Comments removed: 248
Comments  passed: 0
Codelines passed: 185

runsystem(makeindex -s gind.ist -o ifplatform.ind ifplatform.idx)...disabled.

runsystem(makeindex -s gglo.ist -o ifplatform.gls ifplatform.glo)...disabled.

! Undefined control sequence.
l.43 \documentclass
                   {ltxdoc}
? 
! Undefined control sequence.
l.45 \EnableCrossrefs
                     
? 
! Emergency stop.
l.45 
     
End of file on the terminal!

No pages of output.
